<?xml version="1.0" encoding="UTF-8"?>
<testng-results ignored="0" total="1" passed="1" failed="0" skipped="0">
  <reporter-output>
  </reporter-output>
  <suite started-at="2024-05-16T20:47:49 IST" name="Suite" finished-at="2024-05-16T20:47:54 IST" duration-ms="5219">
    <groups>
    </groups>
    <test started-at="2024-05-16T20:47:49 IST" name="Test" finished-at="2024-05-16T20:47:54 IST" duration-ms="5219">
      <class name="com.standalone.SauceInvalidLoginTest">
        <test-method is-config="true" signature="init()[pri:0, instance:com.standalone.SauceInvalidLoginTest@56a6d5a6]" started-at="2024-05-16T20:47:49 IST" name="init" finished-at="2024-05-16T20:47:52 IST" duration-ms="3390" status="PASS">
          <reporter-output>
          </reporter-output>
        </test-method> <!-- init -->
        <test-method signature="invalidLoginTest()[pri:0, instance:com.standalone.SauceInvalidLoginTest@56a6d5a6]" started-at="2024-05-16T20:47:52 IST" name="invalidLoginTest" finished-at="2024-05-16T20:47:54 IST" duration-ms="1422" status="PASS">
          <reporter-output>
          </reporter-output>
        </test-method> <!-- invalidLoginTest -->
        <test-method is-config="true" signature="tearDown()[pri:0, instance:com.standalone.SauceInvalidLoginTest@56a6d5a6]" started-at="2024-05-16T20:47:54 IST" name="tearDown" finished-at="2024-05-16T20:47:54 IST" duration-ms="362" status="PASS">
          <reporter-output>
          </reporter-output>
        </test-method> <!-- tearDown -->
      </class> <!-- com.standalone.SauceInvalidLoginTest -->
    </test> <!-- Test -->
  </suite> <!-- Suite -->
</testng-results>
