<?xml version="1.0" encoding="UTF-8"?>
<!-- Generated by org.testng.reporters.JUnitXMLReporter -->
<testsuite ignored="0" hostname="DESKTOP-H6V4GD0" failures="0" tests="5" name="Default test" time="42.709" errors="0" timestamp="2024-07-05T19:45:47 IST">
  <testcase classname="com.tests.SauceValidLoginTest2" name="invalidLoginTest" time="3.689"/>
  <testcase classname="com.tests.SauceValidLoginTest2" name="invalidLoginTest" time="3.94"/>
  <testcase classname="com.tests.SauceValidLoginTest2" name="invalidLoginTest" time="10.152"/>
  <testcase classname="com.tests.SauceValidLoginTest2" name="invalidLoginTest" time="3.664"/>
  <testcase classname="com.tests.SauceValidLoginTest2" name="invalidLoginTest" time="3.619"/>
</testsuite> <!-- Default test -->
