<?xml version="1.0" encoding="UTF-8"?>
<testng-results ignored="0" total="1" passed="1" failed="0" skipped="0">
  <reporter-output>
    <line>
      <![CDATA[Old report backed up to folder D:\Development\Eclipse-Workspaces\WithRituRaj\TestFramework2\Test-Reports//05Jul24_19.44.23.632//]]>
    </line>
  </reporter-output>
  <suite started-at="2024-07-05T19:44:24 IST" name="Default suite" finished-at="2024-07-05T19:44:44 IST" duration-ms="19575">
    <groups>
    </groups>
    <test started-at="2024-07-05T19:44:24 IST" name="Default test" finished-at="2024-07-05T19:44:44 IST" duration-ms="19575">
      <class name="com.tests.SauceValidLoginTest">
        <test-method is-config="true" signature="preSuite()[pri:0, instance:com.tests.SauceValidLoginTest@20ce78ec]" started-at="2024-07-05T19:44:23 IST" name="preSuite" finished-at="2024-07-05T19:44:24 IST" duration-ms="806" status="PASS">
          <reporter-output>
            <line>
              <![CDATA[Old report backed up to folder D:\Development\Eclipse-Workspaces\WithRituRaj\TestFramework2\Test-Reports//05Jul24_19.44.23.632//]]>
            </line>
          </reporter-output>
        </test-method> <!-- preSuite -->
        <test-method is-config="true" signature="init()[pri:0, instance:com.tests.SauceValidLoginTest@20ce78ec]" started-at="2024-07-05T19:44:24 IST" name="init" finished-at="2024-07-05T19:44:39 IST" duration-ms="15224" status="PASS">
          <reporter-output>
          </reporter-output>
        </test-method> <!-- init -->
        <test-method signature="invalidLoginTest()[pri:0, instance:com.tests.SauceValidLoginTest@20ce78ec]" started-at="2024-07-05T19:44:39 IST" name="invalidLoginTest" finished-at="2024-07-05T19:44:43 IST" duration-ms="3970" status="PASS">
          <reporter-output>
          </reporter-output>
        </test-method> <!-- invalidLoginTest -->
        <test-method is-config="true" signature="tearDown()[pri:0, instance:com.tests.SauceValidLoginTest@20ce78ec]" started-at="2024-07-05T19:44:43 IST" name="tearDown" finished-at="2024-07-05T19:44:44 IST" duration-ms="350" status="PASS">
          <reporter-output>
          </reporter-output>
        </test-method> <!-- tearDown -->
      </class> <!-- com.tests.SauceValidLoginTest -->
    </test> <!-- Default test -->
  </suite> <!-- Default suite -->
</testng-results>
