<?xml version="1.0" encoding="UTF-8"?>
<testsuite xmlns:xsi="http://www.w3.org/2001/XMLSchema-instance" xsi:noNamespaceSchemaLocation="https://maven.apache.org/surefire/maven-surefire-plugin/xsd/surefire-test-report-3.0.xsd" version="3.0" name="TestSuite" time="12.771" tests="2" errors="0" skipped="0" failures="0">
  <properties>
[...]
</properties>
  <testcase name="invalidLoginTest" classname="com.tests.SauceInvalidLoginTest" time="2.818">
    <system-out><![CDATA[Old report backed up to folder D:\Development\Eclipse-Workspaces\WithRituRaj\TestFramework2\Test-Reports//20May24_20.31.46.775//
]]></system-out>
    <system-err><![CDATA[May 20, 2024 8:31:50 PM org.openqa.selenium.devtools.CdpVersionFinder findNearestMatch
WARNING: Unable to find CDP implementation matching 125
May 20, 2024 8:31:50 PM org.openqa.selenium.chromium.ChromiumDriver lambda$new$5
WARNING: Unable to find version of CDP to use for 125.0.2535.51. You may need to include a dependency on a specific version of the CDP using something similar to `org.seleniumhq.selenium:selenium-devtools-v86:4.15.0` where the version ("v86") matches the version of the chromium-based browser you're using and the version number of the artifact is the same as Selenium's.
May 20, 2024 8:31:52 PM org.openqa.selenium.devtools.CdpVersionFinder findNearestMatch
WARNING: Unable to find CDP implementation matching 125
May 20, 2024 8:31:52 PM org.openqa.selenium.chromium.ChromiumDriver lambda$new$5
WARNING: Unable to find version of CDP to use for 125.0.2535.51. You may need to include a dependency on a specific version of the CDP using something similar to `org.seleniumhq.selenium:selenium-devtools-v86:4.15.0` where the version ("v86") matches the version of the chromium-based browser you're using and the version number of the artifact is the same as Selenium's.
]]></system-err>
  </testcase>
  <testcase name="invalidLoginTest" classname="com.tests.SauceValidLoginTest" time="3.204">
    <system-out><![CDATA[tearDown afterTest
]]></system-out>
  </testcase>
</testsuite>