<?xml version="1.0" encoding="UTF-8"?>
<testng-results ignored="1" total="3" passed="2" failed="0" skipped="0">
  <reporter-output>
    <line>
      <![CDATA[Old report backed up to folder D:\Development\Eclipse-Workspaces\WithRituRaj\TestFramework2\Test-Reports//20May24_20.31.46.775//]]>
    </line>
  </reporter-output>
  <suite started-at="2024-05-20T20:31:47 IST" name="Suite" finished-at="2024-05-20T20:31:58 IST" duration-ms="11873">
    <groups>
    </groups>
    <test started-at="2024-05-20T20:31:47 IST" name="Test" finished-at="2024-05-20T20:31:58 IST" duration-ms="11873">
      <class name="com.tests.SauceInvalidLoginTest">
        <test-method is-config="true" signature="preSuite()[pri:0, instance:com.tests.SauceInvalidLoginTest@4690b489]" started-at="2024-05-20T20:31:46 IST" name="preSuite" finished-at="2024-05-20T20:31:47 IST" duration-ms="90" status="PASS">
          <reporter-output>
            <line>
              <![CDATA[Old report backed up to folder D:\Development\Eclipse-Workspaces\WithRituRaj\TestFramework2\Test-Reports//20May24_20.31.46.775//]]>
            </line>
          </reporter-output>
        </test-method> <!-- preSuite -->
        <test-method is-config="true" signature="init()[pri:0, instance:com.tests.SauceInvalidLoginTest@4690b489]" started-at="2024-05-20T20:31:47 IST" name="init" finished-at="2024-05-20T20:31:54 IST" duration-ms="7199" status="PASS">
          <reporter-output>
          </reporter-output>
        </test-method> <!-- init -->
        <test-method signature="invalidLoginTest()[pri:0, instance:com.tests.SauceInvalidLoginTest@4690b489]" started-at="2024-05-20T20:31:54 IST" name="invalidLoginTest" finished-at="2024-05-20T20:31:57 IST" duration-ms="2822" status="PASS">
          <reporter-output>
          </reporter-output>
        </test-method> <!-- invalidLoginTest -->
        <test-method is-config="true" signature="tearDown()[pri:0, instance:com.tests.SauceInvalidLoginTest@4690b489]" started-at="2024-05-20T20:31:57 IST" name="tearDown" finished-at="2024-05-20T20:31:58 IST" duration-ms="1738" status="PASS">
          <reporter-output>
          </reporter-output>
        </test-method> <!-- tearDown -->
      </class> <!-- com.tests.SauceInvalidLoginTest -->
      <class name="com.tests.SauceValidLoginTest">
        <test-method is-config="true" signature="init()[pri:0, instance:com.tests.SauceValidLoginTest@149e0f5d]" started-at="2024-05-20T20:31:47 IST" name="init" finished-at="2024-05-20T20:31:52 IST" duration-ms="5611" status="PASS">
          <reporter-output>
          </reporter-output>
        </test-method> <!-- init -->
        <test-method signature="invalidLoginTest()[pri:0, instance:com.tests.SauceValidLoginTest@149e0f5d]" started-at="2024-05-20T20:31:52 IST" name="invalidLoginTest" finished-at="2024-05-20T20:31:57 IST" duration-ms="4799" status="PASS">
          <reporter-output>
          </reporter-output>
        </test-method> <!-- invalidLoginTest -->
        <test-method is-config="true" signature="tearDown()[pri:0, instance:com.tests.SauceValidLoginTest@149e0f5d]" started-at="2024-05-20T20:31:57 IST" name="tearDown" finished-at="2024-05-20T20:31:58 IST" duration-ms="1417" status="PASS">
          <reporter-output>
          </reporter-output>
        </test-method> <!-- tearDown -->
      </class> <!-- com.tests.SauceValidLoginTest -->
    </test> <!-- Test -->
  </suite> <!-- Suite -->
</testng-results>
