<?xml version="1.0" encoding="UTF-8"?>
<testng-results ignored="0" total="5" passed="5" failed="0" skipped="0">
  <reporter-output>
    <line>
      <![CDATA[Old report backed up to folder D:\Development\Eclipse-Workspaces\WithRituRaj\TestFramework2\Test-Reports//20May24_20.14.42.622//]]>
    </line>
  </reporter-output>
  <suite started-at="2024-05-20T20:14:42 IST" name="Default suite" finished-at="2024-05-20T20:15:21 IST" duration-ms="38858">
    <groups>
    </groups>
    <test started-at="2024-05-20T20:14:42 IST" name="Default test" finished-at="2024-05-20T20:15:21 IST" duration-ms="38858">
      <class name="com.tests.SauceValidLoginTest2">
        <test-method is-config="true" signature="preSuite()[pri:0, instance:com.tests.SauceValidLoginTest2@6e171cd7]" started-at="2024-05-20T20:14:42 IST" name="preSuite" finished-at="2024-05-20T20:14:42 IST" duration-ms="8" status="PASS">
          <reporter-output>
            <line>
              <![CDATA[Old report backed up to folder D:\Development\Eclipse-Workspaces\WithRituRaj\TestFramework2\Test-Reports//20May24_20.14.42.622//]]>
            </line>
          </reporter-output>
        </test-method> <!-- preSuite -->
        <test-method is-config="true" signature="init()[pri:0, instance:com.tests.SauceValidLoginTest2@6e171cd7]" started-at="2024-05-20T20:14:42 IST" name="init" finished-at="2024-05-20T20:14:46 IST" duration-ms="3421" status="PASS">
          <reporter-output>
          </reporter-output>
        </test-method> <!-- init -->
        <test-method signature="invalidLoginTest(java.lang.String,java.lang.String)[pri:0, instance:com.tests.SauceValidLoginTest2@6e171cd7]" started-at="2024-05-20T20:14:46 IST" name="invalidLoginTest" data-provider="sauceLoginData" finished-at="2024-05-20T20:14:50 IST" duration-ms="4224" status="PASS">
          <params>
            <param index="0">
              <value>
                <![CDATA[standard_user]]>
              </value>
            </param>
            <param index="1">
              <value>
                <![CDATA[secret_sauce]]>
              </value>
            </param>
          </params>
          <reporter-output>
          </reporter-output>
        </test-method> <!-- invalidLoginTest -->
        <test-method is-config="true" signature="tearDown()[pri:0, instance:com.tests.SauceValidLoginTest2@6e171cd7]" started-at="2024-05-20T20:14:50 IST" name="tearDown" finished-at="2024-05-20T20:14:50 IST" duration-ms="363" status="PASS">
          <reporter-output>
          </reporter-output>
        </test-method> <!-- tearDown -->
        <test-method is-config="true" signature="init()[pri:0, instance:com.tests.SauceValidLoginTest2@6e171cd7]" started-at="2024-05-20T20:14:50 IST" name="init" finished-at="2024-05-20T20:14:53 IST" duration-ms="2388" status="PASS">
          <reporter-output>
          </reporter-output>
        </test-method> <!-- init -->
        <test-method signature="invalidLoginTest(java.lang.String,java.lang.String)[pri:0, instance:com.tests.SauceValidLoginTest2@6e171cd7]" started-at="2024-05-20T20:14:53 IST" name="invalidLoginTest" data-provider="sauceLoginData" finished-at="2024-05-20T20:14:56 IST" duration-ms="3672" status="PASS">
          <params>
            <param index="0">
              <value>
                <![CDATA[problem_user]]>
              </value>
            </param>
            <param index="1">
              <value>
                <![CDATA[secret_sauce]]>
              </value>
            </param>
          </params>
          <reporter-output>
          </reporter-output>
        </test-method> <!-- invalidLoginTest -->
        <test-method is-config="true" signature="tearDown()[pri:0, instance:com.tests.SauceValidLoginTest2@6e171cd7]" started-at="2024-05-20T20:14:56 IST" name="tearDown" finished-at="2024-05-20T20:14:57 IST" duration-ms="340" status="PASS">
          <reporter-output>
          </reporter-output>
        </test-method> <!-- tearDown -->
        <test-method is-config="true" signature="init()[pri:0, instance:com.tests.SauceValidLoginTest2@6e171cd7]" started-at="2024-05-20T20:14:57 IST" name="init" finished-at="2024-05-20T20:14:59 IST" duration-ms="2279" status="PASS">
          <reporter-output>
          </reporter-output>
        </test-method> <!-- init -->
        <test-method signature="invalidLoginTest(java.lang.String,java.lang.String)[pri:0, instance:com.tests.SauceValidLoginTest2@6e171cd7]" started-at="2024-05-20T20:14:59 IST" name="invalidLoginTest" data-provider="sauceLoginData" finished-at="2024-05-20T20:15:08 IST" duration-ms="8739" status="PASS">
          <params>
            <param index="0">
              <value>
                <![CDATA[performance_glitch_user]]>
              </value>
            </param>
            <param index="1">
              <value>
                <![CDATA[secret_sauce]]>
              </value>
            </param>
          </params>
          <reporter-output>
          </reporter-output>
        </test-method> <!-- invalidLoginTest -->
        <test-method is-config="true" signature="tearDown()[pri:0, instance:com.tests.SauceValidLoginTest2@6e171cd7]" started-at="2024-05-20T20:15:08 IST" name="tearDown" finished-at="2024-05-20T20:15:08 IST" duration-ms="367" status="PASS">
          <reporter-output>
          </reporter-output>
        </test-method> <!-- tearDown -->
        <test-method is-config="true" signature="init()[pri:0, instance:com.tests.SauceValidLoginTest2@6e171cd7]" started-at="2024-05-20T20:15:08 IST" name="init" finished-at="2024-05-20T20:15:10 IST" duration-ms="1803" status="PASS">
          <reporter-output>
          </reporter-output>
        </test-method> <!-- init -->
        <test-method signature="invalidLoginTest(java.lang.String,java.lang.String)[pri:0, instance:com.tests.SauceValidLoginTest2@6e171cd7]" started-at="2024-05-20T20:15:10 IST" name="invalidLoginTest" data-provider="sauceLoginData" finished-at="2024-05-20T20:15:14 IST" duration-ms="4350" status="PASS">
          <params>
            <param index="0">
              <value>
                <![CDATA[error_user]]>
              </value>
            </param>
            <param index="1">
              <value>
                <![CDATA[secret_sauce]]>
              </value>
            </param>
          </params>
          <reporter-output>
          </reporter-output>
        </test-method> <!-- invalidLoginTest -->
        <test-method is-config="true" signature="tearDown()[pri:0, instance:com.tests.SauceValidLoginTest2@6e171cd7]" started-at="2024-05-20T20:15:14 IST" name="tearDown" finished-at="2024-05-20T20:15:15 IST" duration-ms="389" status="PASS">
          <reporter-output>
          </reporter-output>
        </test-method> <!-- tearDown -->
        <test-method is-config="true" signature="init()[pri:0, instance:com.tests.SauceValidLoginTest2@6e171cd7]" started-at="2024-05-20T20:15:15 IST" name="init" finished-at="2024-05-20T20:15:17 IST" duration-ms="1959" status="PASS">
          <reporter-output>
          </reporter-output>
        </test-method> <!-- init -->
        <test-method signature="invalidLoginTest(java.lang.String,java.lang.String)[pri:0, instance:com.tests.SauceValidLoginTest2@6e171cd7]" started-at="2024-05-20T20:15:17 IST" name="invalidLoginTest" data-provider="sauceLoginData" finished-at="2024-05-20T20:15:21 IST" duration-ms="4152" status="PASS">
          <params>
            <param index="0">
              <value>
                <![CDATA[visual_user]]>
              </value>
            </param>
            <param index="1">
              <value>
                <![CDATA[secret_sauce]]>
              </value>
            </param>
          </params>
          <reporter-output>
          </reporter-output>
        </test-method> <!-- invalidLoginTest -->
        <test-method is-config="true" signature="tearDown()[pri:0, instance:com.tests.SauceValidLoginTest2@6e171cd7]" started-at="2024-05-20T20:15:21 IST" name="tearDown" finished-at="2024-05-20T20:15:21 IST" duration-ms="354" status="PASS">
          <reporter-output>
          </reporter-output>
        </test-method> <!-- tearDown -->
      </class> <!-- com.tests.SauceValidLoginTest2 -->
    </test> <!-- Default test -->
  </suite> <!-- Default suite -->
</testng-results>
