<?xml version="1.0" encoding="UTF-8"?>
<testng-results ignored="0" total="2" passed="2" failed="0" skipped="0">
  <reporter-output>
  </reporter-output>
  <suite started-at="2024-07-01T19:46:24 IST" name="Suite" finished-at="2024-07-01T19:46:30 IST" duration-ms="5536">
    <groups>
    </groups>
    <test started-at="2024-07-01T19:46:24 IST" name="Test" finished-at="2024-07-01T19:46:30 IST" duration-ms="5536">
      <class name="com.pack3.Tester1">
        <test-method is-config="true" signature="beforeMethod()[pri:0, instance:com.pack3.Tester1@4c9f8c13]" started-at="2024-07-01T19:46:24 IST" name="beforeMethod" finished-at="2024-07-01T19:46:28 IST" duration-ms="3319" status="PASS">
          <reporter-output>
          </reporter-output>
        </test-method> <!-- beforeMethod -->
        <test-method signature="atitimeLogin()[pri:0, instance:com.pack3.Tester1@4c9f8c13]" started-at="2024-07-01T19:46:28 IST" name="atitimeLogin" finished-at="2024-07-01T19:46:30 IST" duration-ms="1991" status="PASS">
          <reporter-output>
          </reporter-output>
        </test-method> <!-- atitimeLogin -->
        <test-method is-config="true" signature="afterMethod()[pri:0, instance:com.pack3.Tester1@4c9f8c13]" started-at="2024-07-01T19:46:30 IST" name="afterMethod" finished-at="2024-07-01T19:46:30 IST" duration-ms="195" status="PASS">
          <reporter-output>
          </reporter-output>
        </test-method> <!-- afterMethod -->
      </class> <!-- com.pack3.Tester1 -->
      <class name="com.pack3.Tester2">
        <test-method is-config="true" signature="beforeMethod()[pri:0, instance:com.pack3.Tester2@1139b2f3]" started-at="2024-07-01T19:46:24 IST" name="beforeMethod" finished-at="2024-07-01T19:46:28 IST" duration-ms="4058" status="PASS">
          <reporter-output>
          </reporter-output>
        </test-method> <!-- beforeMethod -->
        <test-method signature="atitimeLogin3()[pri:0, instance:com.pack3.Tester2@1139b2f3]" started-at="2024-07-01T19:46:28 IST" name="atitimeLogin3" finished-at="2024-07-01T19:46:29 IST" duration-ms="489" status="PASS">
          <reporter-output>
          </reporter-output>
        </test-method> <!-- atitimeLogin3 -->
        <test-method is-config="true" signature="afterMethod()[pri:0, instance:com.pack3.Tester2@1139b2f3]" started-at="2024-07-01T19:46:29 IST" name="afterMethod" finished-at="2024-07-01T19:46:30 IST" duration-ms="693" status="PASS">
          <reporter-output>
          </reporter-output>
        </test-method> <!-- afterMethod -->
      </class> <!-- com.pack3.Tester2 -->
    </test> <!-- Test -->
  </suite> <!-- Suite -->
</testng-results>
