<?xml version="1.0" encoding="UTF-8"?>
<testng-results ignored="0" total="1" passed="1" failed="0" skipped="0">
  <reporter-output>
    <line>
      <![CDATA[Old report backed up to folder D:\Development\Eclipse-Workspaces\WithRituRaj\TestFramework2\Test-Reports//20May24_20.22.12.13//]]>
    </line>
  </reporter-output>
  <suite started-at="2024-05-20T20:22:12 IST" name="Suite" finished-at="2024-05-20T20:22:20 IST" duration-ms="8278">
    <groups>
    </groups>
    <test started-at="2024-05-20T20:22:12 IST" name="Test" finished-at="2024-05-20T20:22:20 IST" duration-ms="8278">
      <class name="com.tests.SauceInvalidLoginTest">
        <test-method is-config="true" signature="preSuite()[pri:0, instance:com.tests.SauceInvalidLoginTest@393671df]" started-at="2024-05-20T20:22:12 IST" name="preSuite" finished-at="2024-05-20T20:22:12 IST" duration-ms="394" status="PASS">
          <reporter-output>
            <line>
              <![CDATA[Old report backed up to folder D:\Development\Eclipse-Workspaces\WithRituRaj\TestFramework2\Test-Reports//20May24_20.22.12.13//]]>
            </line>
          </reporter-output>
        </test-method> <!-- preSuite -->
        <test-method is-config="true" signature="init()[pri:0, instance:com.tests.SauceInvalidLoginTest@393671df]" started-at="2024-05-20T20:22:12 IST" name="init" finished-at="2024-05-20T20:22:17 IST" duration-ms="4783" status="PASS">
          <reporter-output>
          </reporter-output>
        </test-method> <!-- init -->
        <test-method signature="invalidLoginTest()[pri:0, instance:com.tests.SauceInvalidLoginTest@393671df]" started-at="2024-05-20T20:22:17 IST" name="invalidLoginTest" finished-at="2024-05-20T20:22:19 IST" duration-ms="2670" status="PASS">
          <reporter-output>
          </reporter-output>
        </test-method> <!-- invalidLoginTest -->
        <test-method is-config="true" signature="tearDown()[pri:0, instance:com.tests.SauceInvalidLoginTest@393671df]" started-at="2024-05-20T20:22:19 IST" name="tearDown" finished-at="2024-05-20T20:22:20 IST" duration-ms="776" status="PASS">
          <reporter-output>
          </reporter-output>
        </test-method> <!-- tearDown -->
      </class> <!-- com.tests.SauceInvalidLoginTest -->
    </test> <!-- Test -->
  </suite> <!-- Suite -->
</testng-results>
