<?xml version="1.0" encoding="UTF-8"?>
<!-- Generated by org.testng.reporters.JUnitXMLReporter -->
<testsuite ignored="0" hostname="DESKTOP-H6V4GD0" failures="0" tests="5" name="Default test" time="38.858" errors="0" timestamp="2024-05-20T20:15:21 IST">
  <testcase classname="com.tests.SauceValidLoginTest2" name="invalidLoginTest" time="4.224"/>
  <testcase classname="com.tests.SauceValidLoginTest2" name="invalidLoginTest" time="3.672"/>
  <testcase classname="com.tests.SauceValidLoginTest2" name="invalidLoginTest" time="8.739"/>
  <testcase classname="com.tests.SauceValidLoginTest2" name="invalidLoginTest" time="4.35"/>
  <testcase classname="com.tests.SauceValidLoginTest2" name="invalidLoginTest" time="4.152"/>
</testsuite> <!-- Default test -->
