<?xml version="1.0" encoding="UTF-8"?>
<!-- Generated by org.testng.reporters.JUnitXMLReporter -->
<testsuite ignored="1" hostname="DESKTOP-H6V4GD0" failures="0" tests="2" name="Test" time="11.873" errors="0" timestamp="2024-05-20T20:31:58 IST">
  <testcase classname="com.tests.SauceInvalidLoginTest" name="invalidLoginTest" time="2.822"/>
  <testcase classname="com.tests.SauceValidLoginTest" name="invalidLoginTest" time="4.799"/>
  <testcase classname="com.tests.BaseTest" name="@BeforeSuite preSuite" time="0.0">
    <ignored/>
  </testcase> <!-- @BeforeSuite preSuite -->
</testsuite> <!-- Test -->
