<?xml version="1.0" encoding="UTF-8"?>
<testng-results ignored="0" total="1" passed="1" failed="0" skipped="0">
  <reporter-output>
  </reporter-output>
  <suite started-at="2024-05-07T21:02:27 IST" name="Default suite" finished-at="2024-05-07T21:02:47 IST" duration-ms="19172">
    <groups>
    </groups>
    <test started-at="2024-05-07T21:02:27 IST" name="Default test" finished-at="2024-05-07T21:02:47 IST" duration-ms="19172">
      <class name="com.pack3.Tester3">
        <test-method is-config="true" signature="beforeMethod()[pri:0, instance:com.pack3.Tester3@769f71a9]" started-at="2024-05-07T21:02:27 IST" name="beforeMethod" finished-at="2024-05-07T21:02:29 IST" duration-ms="1941" status="PASS">
          <reporter-output>
          </reporter-output>
        </test-method> <!-- beforeMethod -->
        <test-method signature="test()[pri:0, instance:com.pack3.Tester3@769f71a9]" started-at="2024-05-07T21:02:29 IST" name="test" finished-at="2024-05-07T21:02:46 IST" duration-ms="16964" status="PASS">
          <reporter-output>
          </reporter-output>
        </test-method> <!-- test -->
        <test-method is-config="true" signature="afterMethod()[pri:0, instance:com.pack3.Tester3@769f71a9]" started-at="2024-05-07T21:02:46 IST" name="afterMethod" finished-at="2024-05-07T21:02:47 IST" duration-ms="237" status="PASS">
          <reporter-output>
          </reporter-output>
        </test-method> <!-- afterMethod -->
      </class> <!-- com.pack3.Tester3 -->
    </test> <!-- Default test -->
  </suite> <!-- Default suite -->
</testng-results>
