<?xml version="1.0" encoding="UTF-8"?>
<testng-results ignored="0" total="5" passed="5" failed="0" skipped="0">
  <reporter-output>
    <line>
      <![CDATA[Old report backed up to folder D:\Development\Eclipse-Workspaces\WithRituRaj\TestFramework2\Test-Reports//05Jul24_19.45.04.754//]]>
    </line>
  </reporter-output>
  <suite started-at="2024-07-05T19:45:05 IST" name="Default suite" finished-at="2024-07-05T19:45:47 IST" duration-ms="42709">
    <groups>
    </groups>
    <test started-at="2024-07-05T19:45:05 IST" name="Default test" finished-at="2024-07-05T19:45:47 IST" duration-ms="42709">
      <class name="com.tests.SauceValidLoginTest2">
        <test-method is-config="true" signature="preSuite()[pri:0, instance:com.tests.SauceValidLoginTest2@6e171cd7]" started-at="2024-07-05T19:45:04 IST" name="preSuite" finished-at="2024-07-05T19:45:05 IST" duration-ms="194" status="PASS">
          <reporter-output>
            <line>
              <![CDATA[Old report backed up to folder D:\Development\Eclipse-Workspaces\WithRituRaj\TestFramework2\Test-Reports//05Jul24_19.45.04.754//]]>
            </line>
          </reporter-output>
        </test-method> <!-- preSuite -->
        <test-method is-config="true" signature="init()[pri:0, instance:com.tests.SauceValidLoginTest2@6e171cd7]" started-at="2024-07-05T19:45:05 IST" name="init" finished-at="2024-07-05T19:45:09 IST" duration-ms="3984" status="PASS">
          <reporter-output>
          </reporter-output>
        </test-method> <!-- init -->
        <test-method signature="invalidLoginTest(java.lang.String,java.lang.String)[pri:0, instance:com.tests.SauceValidLoginTest2@6e171cd7]" started-at="2024-07-05T19:45:09 IST" name="invalidLoginTest" data-provider="sauceLoginData" finished-at="2024-07-05T19:45:12 IST" duration-ms="3689" status="PASS">
          <params>
            <param index="0">
              <value>
                <![CDATA[standard_user]]>
              </value>
            </param>
            <param index="1">
              <value>
                <![CDATA[secret_sauce]]>
              </value>
            </param>
          </params>
          <reporter-output>
          </reporter-output>
        </test-method> <!-- invalidLoginTest -->
        <test-method is-config="true" signature="tearDown()[pri:0, instance:com.tests.SauceValidLoginTest2@6e171cd7]" started-at="2024-07-05T19:45:12 IST" name="tearDown" finished-at="2024-07-05T19:45:13 IST" duration-ms="431" status="PASS">
          <reporter-output>
          </reporter-output>
        </test-method> <!-- tearDown -->
        <test-method is-config="true" signature="init()[pri:0, instance:com.tests.SauceValidLoginTest2@6e171cd7]" started-at="2024-07-05T19:45:13 IST" name="init" finished-at="2024-07-05T19:45:16 IST" duration-ms="2898" status="PASS">
          <reporter-output>
          </reporter-output>
        </test-method> <!-- init -->
        <test-method signature="invalidLoginTest(java.lang.String,java.lang.String)[pri:0, instance:com.tests.SauceValidLoginTest2@6e171cd7]" started-at="2024-07-05T19:45:16 IST" name="invalidLoginTest" data-provider="sauceLoginData" finished-at="2024-07-05T19:45:19 IST" duration-ms="3940" status="PASS">
          <params>
            <param index="0">
              <value>
                <![CDATA[problem_user]]>
              </value>
            </param>
            <param index="1">
              <value>
                <![CDATA[secret_sauce]]>
              </value>
            </param>
          </params>
          <reporter-output>
          </reporter-output>
        </test-method> <!-- invalidLoginTest -->
        <test-method is-config="true" signature="tearDown()[pri:0, instance:com.tests.SauceValidLoginTest2@6e171cd7]" started-at="2024-07-05T19:45:19 IST" name="tearDown" finished-at="2024-07-05T19:45:20 IST" duration-ms="543" status="PASS">
          <reporter-output>
          </reporter-output>
        </test-method> <!-- tearDown -->
        <test-method is-config="true" signature="init()[pri:0, instance:com.tests.SauceValidLoginTest2@6e171cd7]" started-at="2024-07-05T19:45:20 IST" name="init" finished-at="2024-07-05T19:45:22 IST" duration-ms="1884" status="PASS">
          <reporter-output>
          </reporter-output>
        </test-method> <!-- init -->
        <test-method signature="invalidLoginTest(java.lang.String,java.lang.String)[pri:0, instance:com.tests.SauceValidLoginTest2@6e171cd7]" started-at="2024-07-05T19:45:22 IST" name="invalidLoginTest" data-provider="sauceLoginData" finished-at="2024-07-05T19:45:32 IST" duration-ms="10152" status="PASS">
          <params>
            <param index="0">
              <value>
                <![CDATA[performance_glitch_user]]>
              </value>
            </param>
            <param index="1">
              <value>
                <![CDATA[secret_sauce]]>
              </value>
            </param>
          </params>
          <reporter-output>
          </reporter-output>
        </test-method> <!-- invalidLoginTest -->
        <test-method is-config="true" signature="tearDown()[pri:0, instance:com.tests.SauceValidLoginTest2@6e171cd7]" started-at="2024-07-05T19:45:32 IST" name="tearDown" finished-at="2024-07-05T19:45:32 IST" duration-ms="317" status="PASS">
          <reporter-output>
          </reporter-output>
        </test-method> <!-- tearDown -->
        <test-method is-config="true" signature="init()[pri:0, instance:com.tests.SauceValidLoginTest2@6e171cd7]" started-at="2024-07-05T19:45:32 IST" name="init" finished-at="2024-07-05T19:45:36 IST" duration-ms="3137" status="PASS">
          <reporter-output>
          </reporter-output>
        </test-method> <!-- init -->
        <test-method signature="invalidLoginTest(java.lang.String,java.lang.String)[pri:0, instance:com.tests.SauceValidLoginTest2@6e171cd7]" started-at="2024-07-05T19:45:36 IST" name="invalidLoginTest" data-provider="sauceLoginData" finished-at="2024-07-05T19:45:39 IST" duration-ms="3664" status="PASS">
          <params>
            <param index="0">
              <value>
                <![CDATA[error_user]]>
              </value>
            </param>
            <param index="1">
              <value>
                <![CDATA[secret_sauce]]>
              </value>
            </param>
          </params>
          <reporter-output>
          </reporter-output>
        </test-method> <!-- invalidLoginTest -->
        <test-method is-config="true" signature="tearDown()[pri:0, instance:com.tests.SauceValidLoginTest2@6e171cd7]" started-at="2024-07-05T19:45:39 IST" name="tearDown" finished-at="2024-07-05T19:45:40 IST" duration-ms="582" status="PASS">
          <reporter-output>
          </reporter-output>
        </test-method> <!-- tearDown -->
        <test-method is-config="true" signature="init()[pri:0, instance:com.tests.SauceValidLoginTest2@6e171cd7]" started-at="2024-07-05T19:45:40 IST" name="init" finished-at="2024-07-05T19:45:43 IST" duration-ms="3335" status="PASS">
          <reporter-output>
          </reporter-output>
        </test-method> <!-- init -->
        <test-method signature="invalidLoginTest(java.lang.String,java.lang.String)[pri:0, instance:com.tests.SauceValidLoginTest2@6e171cd7]" started-at="2024-07-05T19:45:43 IST" name="invalidLoginTest" data-provider="sauceLoginData" finished-at="2024-07-05T19:45:47 IST" duration-ms="3619" status="PASS">
          <params>
            <param index="0">
              <value>
                <![CDATA[visual_user]]>
              </value>
            </param>
            <param index="1">
              <value>
                <![CDATA[secret_sauce]]>
              </value>
            </param>
          </params>
          <reporter-output>
          </reporter-output>
        </test-method> <!-- invalidLoginTest -->
        <test-method is-config="true" signature="tearDown()[pri:0, instance:com.tests.SauceValidLoginTest2@6e171cd7]" started-at="2024-07-05T19:45:47 IST" name="tearDown" finished-at="2024-07-05T19:45:47 IST" duration-ms="492" status="PASS">
          <reporter-output>
          </reporter-output>
        </test-method> <!-- tearDown -->
      </class> <!-- com.tests.SauceValidLoginTest2 -->
    </test> <!-- Default test -->
  </suite> <!-- Default suite -->
</testng-results>
